<?xml version="1.0" encoding="UTF-8"?>
<testsuite xmlns:xsi="http://www.w3.org/2001/XMLSchema-instance" xsi:noNamespaceSchemaLocation="https://maven.apache.org/surefire/maven-surefire-plugin/xsd/surefire-test-report.xsd" name="TestSuite" time="3.719" tests="1" errors="0" skipped="0" failures="1">
  <properties>
[...]
</properties>
  <testcase name="googleSearchTest" classname="FirstTest" time="0.215">
    <failure message="element not interactable&#10;  (Session info: chrome=109.0.5414.120)&#10;Build info: version: &apos;4.8.0&apos;, revision: &apos;267030adea&apos;&#10;System info: os.name: &apos;Windows 11&apos;, os.arch: &apos;amd64&apos;, os.version: &apos;10.0&apos;, java.version: &apos;19.0.2&apos;&#10;Driver info: org.openqa.selenium.chrome.ChromeDriver&#10;Command: [9e7f88c67a9153a2cd055acbef284843, sendKeysToElement {id=044ee768-3e07-4e68-84ff-238c99f0f761, value=[Ljava.lang.CharSequence;@aced190}]&#10;Capabilities {acceptInsecureCerts: false, browserName: chrome, browserVersion: 109.0.5414.120, chrome: {chromedriverVersion: 109.0.5414.74 (e7c5703604da..., userDataDir: C:\Users\tomis\AppData\Loca...}, goog:chromeOptions: {debuggerAddress: localhost:54372}, networkConnectionEnabled: false, pageLoadStrategy: normal, platformName: WINDOWS, proxy: Proxy(), se:cdp: ws://localhost:54372/devtoo..., se:cdpVersion: 109.0.5414.120, setWindowRect: true, strictFileInteractability: false, timeouts: {implicit: 0, pageLoad: 300000, script: 30000}, unhandledPromptBehavior: dismiss and notify, webauthn:extension:credBlob: true, webauthn:extension:largeBlob: true, webauthn:virtualAuthenticators: true}&#10;Element: [[ChromeDriver: chrome on WINDOWS (9e7f88c67a9153a2cd055acbef284843)] -&gt; name: q]&#10;Session ID: 9e7f88c67a9153a2cd055acbef284843" type="org.openqa.selenium.ElementNotInteractableException">org.openqa.selenium.ElementNotInteractableException: 
element not interactable
  (Session info: chrome=109.0.5414.120)
Build info: version: '4.8.0', revision: '267030adea'
System info: os.name: 'Windows 11', os.arch: 'amd64', os.version: '10.0', java.version: '19.0.2'
Driver info: org.openqa.selenium.chrome.ChromeDriver
Command: [9e7f88c67a9153a2cd055acbef284843, sendKeysToElement {id=044ee768-3e07-4e68-84ff-238c99f0f761, value=[Ljava.lang.CharSequence;@aced190}]
Capabilities {acceptInsecureCerts: false, browserName: chrome, browserVersion: 109.0.5414.120, chrome: {chromedriverVersion: 109.0.5414.74 (e7c5703604da..., userDataDir: C:\Users\tomis\AppData\Loca...}, goog:chromeOptions: {debuggerAddress: localhost:54372}, networkConnectionEnabled: false, pageLoadStrategy: normal, platformName: WINDOWS, proxy: Proxy(), se:cdp: ws://localhost:54372/devtoo..., se:cdpVersion: 109.0.5414.120, setWindowRect: true, strictFileInteractability: false, timeouts: {implicit: 0, pageLoad: 300000, script: 30000}, unhandledPromptBehavior: dismiss and notify, webauthn:extension:credBlob: true, webauthn:extension:largeBlob: true, webauthn:virtualAuthenticators: true}
Element: [[ChromeDriver: chrome on WINDOWS (9e7f88c67a9153a2cd055acbef284843)] -> name: q]
Session ID: 9e7f88c67a9153a2cd055acbef284843
	at FirstTest.googleSearchTest(FirstTest.java:29)
</failure>
    <system-out><![CDATA[2023-02-05 01:24:27 DEBUG TestNG:82 - suiteXmlPath: "F:\TestProjektSelenium\testng.xml"
2023-02-05 01:24:28 DEBUG InternalLoggerFactory:63 - Using SLF4J as the default logging framework
2023-02-05 01:24:28 DEBUG ResourceLeakDetector:129 - -Dio.netty.leakDetection.level: simple
2023-02-05 01:24:28 DEBUG ResourceLeakDetector:130 - -Dio.netty.leakDetection.targetRecords: 4
2023-02-05 01:24:28 DEBUG ResourceLeakDetectorFactory:196 - Loaded default ResourceLeakDetector: io.netty.util.ResourceLeakDetector@7283d3eb
2023-02-05 01:24:28 DEBUG PlatformDependent0:496 - -Dio.netty.noUnsafe: false
2023-02-05 01:24:28 DEBUG PlatformDependent0:1000 - Java version: 19
2023-02-05 01:24:28 DEBUG PlatformDependent0:137 - sun.misc.Unsafe.theUnsafe: available
2023-02-05 01:24:28 DEBUG PlatformDependent0:161 - sun.misc.Unsafe.copyMemory: available
2023-02-05 01:24:28 DEBUG PlatformDependent0:193 - sun.misc.Unsafe.storeFence: available
2023-02-05 01:24:28 DEBUG PlatformDependent0:236 - java.nio.Buffer.address: available
2023-02-05 01:24:28 DEBUG PlatformDependent0:320 - direct buffer constructor: unavailable: Reflective setAccessible(true) disabled
2023-02-05 01:24:28 DEBUG PlatformDependent0:385 - java.nio.Bits.unaligned: available, true
2023-02-05 01:24:28 DEBUG PlatformDependent0:452 - jdk.internal.misc.Unsafe.allocateUninitializedArray(int): unavailable: class io.netty.util.internal.PlatformDependent0$7 cannot access class jdk.internal.misc.Unsafe (in module java.base) because module java.base does not export jdk.internal.misc to unnamed module @74e52303
2023-02-05 01:24:28 DEBUG PlatformDependent0:482 - java.nio.DirectByteBuffer.<init>(long, int): unavailable
2023-02-05 01:24:28 DEBUG PlatformDependent:1159 - sun.misc.Unsafe: available
2023-02-05 01:24:28 DEBUG PlatformDependent:1270 - maxDirectMemory: 4250927104 bytes (maybe)
2023-02-05 01:24:28 DEBUG PlatformDependent:1289 - -Dio.netty.tmpdir: C:\Users\tomis\AppData\Local\Temp (java.io.tmpdir)
2023-02-05 01:24:28 DEBUG PlatformDependent:1368 - -Dio.netty.bitMode: 64 (sun.arch.data.model)
2023-02-05 01:24:28 DEBUG PlatformDependent:1119 - Platform: Windows
2023-02-05 01:24:28 DEBUG PlatformDependent:178 - -Dio.netty.maxDirectMemory: -1 bytes
2023-02-05 01:24:28 DEBUG PlatformDependent:185 - -Dio.netty.uninitializedArrayAllocationThreshold: -1
2023-02-05 01:24:28 DEBUG CleanerJava9:71 - java.nio.ByteBuffer.cleaner(): available
2023-02-05 01:24:28 DEBUG PlatformDependent:205 - -Dio.netty.noPreferDirect: false
2023-02-05 01:24:28 DEBUG PlatformDependent:1010 - org.jctools-core.MpscChunkedArrayQueue: available
2023-02-05 01:24:28 DEBUG InternalThreadLocalMap:100 - -Dio.netty.threadLocalMap.stringBuilder.initialSize: 1024
2023-02-05 01:24:28 DEBUG InternalThreadLocalMap:101 - -Dio.netty.threadLocalMap.stringBuilder.maxSize: 4096
2023-02-05 01:24:28 DEBUG JdkSslContext:83 - Default protocols (JDK): [TLSv1.3, TLSv1.2] 
2023-02-05 01:24:28 DEBUG JdkSslContext:84 - Default cipher suites (JDK): [TLS_ECDHE_ECDSA_WITH_AES_256_GCM_SHA384, TLS_ECDHE_ECDSA_WITH_AES_128_GCM_SHA256, TLS_ECDHE_RSA_WITH_AES_128_GCM_SHA256, TLS_ECDHE_RSA_WITH_AES_256_GCM_SHA384, TLS_ECDHE_RSA_WITH_AES_128_CBC_SHA, TLS_ECDHE_RSA_WITH_AES_256_CBC_SHA, TLS_RSA_WITH_AES_128_GCM_SHA256, TLS_RSA_WITH_AES_128_CBC_SHA, TLS_RSA_WITH_AES_256_CBC_SHA, TLS_AES_128_GCM_SHA256, TLS_AES_256_GCM_SHA384]
2023-02-05 01:24:28 DEBUG MultithreadEventLoopGroup:44 - -Dio.netty.eventLoopThreads: 24
2023-02-05 01:24:28 DEBUG NioEventLoop:110 - -Dio.netty.noKeySetOptimization: false
2023-02-05 01:24:28 DEBUG NioEventLoop:111 - -Dio.netty.selectorAutoRebuildThreshold: 512
2023-02-05 01:24:28 DEBUG PooledByteBufAllocator:157 - -Dio.netty.allocator.numHeapArenas: 24
2023-02-05 01:24:28 DEBUG PooledByteBufAllocator:158 - -Dio.netty.allocator.numDirectArenas: 24
2023-02-05 01:24:28 DEBUG PooledByteBufAllocator:160 - -Dio.netty.allocator.pageSize: 8192
2023-02-05 01:24:28 DEBUG PooledByteBufAllocator:165 - -Dio.netty.allocator.maxOrder: 9
2023-02-05 01:24:28 DEBUG PooledByteBufAllocator:169 - -Dio.netty.allocator.chunkSize: 4194304
2023-02-05 01:24:28 DEBUG PooledByteBufAllocator:170 - -Dio.netty.allocator.smallCacheSize: 256
2023-02-05 01:24:28 DEBUG PooledByteBufAllocator:171 - -Dio.netty.allocator.normalCacheSize: 64
2023-02-05 01:24:28 DEBUG PooledByteBufAllocator:172 - -Dio.netty.allocator.maxCachedBufferCapacity: 32768
2023-02-05 01:24:28 DEBUG PooledByteBufAllocator:173 - -Dio.netty.allocator.cacheTrimInterval: 8192
2023-02-05 01:24:28 DEBUG PooledByteBufAllocator:174 - -Dio.netty.allocator.cacheTrimIntervalMillis: 0
2023-02-05 01:24:28 DEBUG PooledByteBufAllocator:175 - -Dio.netty.allocator.useCacheForAllThreads: false
2023-02-05 01:24:28 DEBUG PooledByteBufAllocator:176 - -Dio.netty.allocator.maxCachedByteBuffersPerChunk: 1023
2023-02-05 01:24:28 DEBUG ByteBufUtil:87 - -Dio.netty.allocator.type: pooled
2023-02-05 01:24:28 DEBUG ByteBufUtil:96 - -Dio.netty.threadLocalDirectBufferSize: 0
2023-02-05 01:24:28 DEBUG ByteBufUtil:99 - -Dio.netty.maxThreadLocalCharBufferSize: 16384
2023-02-05 01:24:28 DEBUG DefaultChannelId:79 - -Dio.netty.processId: 2296 (auto-detected)
2023-02-05 01:24:28 DEBUG NetUtil:142 - -Djava.net.preferIPv4Stack: false
2023-02-05 01:24:28 DEBUG NetUtil:143 - -Djava.net.preferIPv6Addresses: false
2023-02-05 01:24:28 DEBUG NetUtilInitializations:139 - Loopback interface: lo (Software Loopback Interface 1, 127.0.0.1)
2023-02-05 01:24:28 DEBUG NetUtil:200 - Failed to get SOMAXCONN from sysctl and file \proc\sys\net\core\somaxconn. Default: 200
2023-02-05 01:24:28 DEBUG DefaultChannelId:101 - -Dio.netty.machineId: 34:7d:f6:ff:fe:9c:4b:09 (auto-detected)
2023-02-05 01:24:28 DEBUG AbstractByteBuf:63 - -Dio.netty.buffer.checkAccessible: true
2023-02-05 01:24:28 DEBUG AbstractByteBuf:64 - -Dio.netty.buffer.checkBounds: true
2023-02-05 01:24:28 DEBUG ResourceLeakDetectorFactory:196 - Loaded default ResourceLeakDetector: io.netty.util.ResourceLeakDetector@31573260
2023-02-05 01:24:28 DEBUG NettyConnectListener:73 - Using new Channel '[id: 0xe29995ed, L:/127.0.0.1:54371 - R:localhost/127.0.0.1:34138]' for 'POST' to '/session'
2023-02-05 01:24:28 DEBUG Recycler:85 - -Dio.netty.recycler.maxCapacityPerThread: 4096
2023-02-05 01:24:28 DEBUG Recycler:86 - -Dio.netty.recycler.ratio: 8
2023-02-05 01:24:28 DEBUG Recycler:87 - -Dio.netty.recycler.chunkSize: 32
2023-02-05 01:24:28 DEBUG Recycler:88 - -Dio.netty.recycler.blocking: false
2023-02-05 01:24:29 DEBUG Brotli:38 - brotli4j not in the classpath; Brotli support will be unavailable.
2023-02-05 01:24:29 DEBUG HttpHandler:70 - 

Request DefaultHttpRequest(decodeResult: success, version: HTTP/1.1)
POST /session HTTP/1.1
User-Agent: selenium/4.8.0 (java windows)
Content-Length: 365
Content-Type: application/json; charset=utf-8
host: localhost:34138
accept: */*

Response DefaultHttpResponse(decodeResult: success, version: HTTP/1.1)
HTTP/1.1 200 OK
Content-Length: 790
Content-Type: application/json; charset=utf-8
cache-control: no-cache

2023-02-05 01:24:29 DEBUG ChannelManager:270 - Adding key: http://localhost:34138 for channel [id: 0xe29995ed, L:/127.0.0.1:54371 - R:localhost/127.0.0.1:34138]
2023-02-05 01:24:29 DEBUG NettyConnectListener:73 - Using new Channel '[id: 0x0e6b5cf1, L:/127.0.0.1:54379 - R:localhost/127.0.0.1:54372]' for 'GET' to '/json/version'
2023-02-05 01:24:29 DEBUG HttpHandler:70 - 

Request DefaultFullHttpRequest(decodeResult: success, version: HTTP/1.1, content: EmptyByteBufBE)
GET /json/version HTTP/1.1
User-Agent: selenium/4.8.0 (java windows)
host: localhost:54372
accept: */*

Response DefaultHttpResponse(decodeResult: success, version: HTTP/1.1)
HTTP/1.1 200 OK
Content-Length: 424
Content-Type: application/json; charset=UTF-8

2023-02-05 01:24:29 DEBUG ChannelManager:270 - Adding key: http://localhost:54372 for channel [id: 0x0e6b5cf1, L:/127.0.0.1:54379 - R:localhost/127.0.0.1:54372]
2023-02-05 01:24:29 DEBUG ThreadLocalRandom:214 - -Dio.netty.initialSeedUniquifier: 0x2af2cf668be5da36
2023-02-05 01:24:29 DEBUG NettyConnectListener:73 - Using new Channel '[id: 0x3cd70381, L:/127.0.0.1:54380 - R:localhost/127.0.0.1:54372]' for 'GET' to '/devtools/browser/8e1f0bd2-9c0d-493f-b9c2-8a14b4a1a314'
2023-02-05 01:24:29 DEBUG WebSocketHandler:105 - 

Request DefaultFullHttpRequest(decodeResult: success, version: HTTP/1.1, content: EmptyByteBufBE)
GET /devtools/browser/8e1f0bd2-9c0d-493f-b9c2-8a14b4a1a314 HTTP/1.1
upgrade: websocket
connection: upgrade
sec-websocket-key: XINo7EuIMNgdkiQ8dspfbw==
sec-websocket-version: 13
origin: http://localhost:54372
host: localhost:54372
accept: */*
user-agent: AHC/2.1

Response DefaultHttpResponse(decodeResult: success, version: HTTP/1.1)
HTTP/1.1 101 WebSocket Protocol Handshake
Upgrade: WebSocket
Connection: Upgrade
Sec-WebSocket-Accept: iHGp8UJ/jbTMGOvmrkkAi01OraI=

2023-02-05 01:24:29 DEBUG NettyRequestSender:593 - Using pooled Channel '[id: 0xe29995ed, L:/127.0.0.1:54371 - R:localhost/127.0.0.1:34138]' for 'POST' to 'http://localhost:34138/session/9e7f88c67a9153a2cd055acbef284843/url'
2023-02-05 01:24:29 DEBUG NettyRequestSender:251 - Using open Channel [id: 0xe29995ed, L:/127.0.0.1:54371 - R:localhost/127.0.0.1:34138] for POST '/session/9e7f88c67a9153a2cd055acbef284843/url'
2023-02-05 01:24:30 DEBUG DefaultChannelPool:348 - Entry count for : http://localhost:54372 : 1
2023-02-05 01:24:30 DEBUG HttpHandler:70 - 

Request DefaultHttpRequest(decodeResult: success, version: HTTP/1.1)
POST /session/9e7f88c67a9153a2cd055acbef284843/url HTTP/1.1
User-Agent: selenium/4.8.0 (java windows)
Content-Length: 46
Content-Type: application/json; charset=utf-8
host: localhost:34138
accept: */*

Response DefaultHttpResponse(decodeResult: success, version: HTTP/1.1)
HTTP/1.1 200 OK
Content-Length: 14
Content-Type: application/json; charset=utf-8
cache-control: no-cache

2023-02-05 01:24:30 DEBUG ChannelManager:270 - Adding key: http://localhost:34138 for channel [id: 0xe29995ed, L:/127.0.0.1:54371 - R:localhost/127.0.0.1:34138]
2023-02-05 01:24:30 DEBUG NettyRequestSender:593 - Using pooled Channel '[id: 0xe29995ed, L:/127.0.0.1:54371 - R:localhost/127.0.0.1:34138]' for 'POST' to 'http://localhost:34138/session/9e7f88c67a9153a2cd055acbef284843/window/maximize'
2023-02-05 01:24:30 DEBUG NettyRequestSender:251 - Using open Channel [id: 0xe29995ed, L:/127.0.0.1:54371 - R:localhost/127.0.0.1:34138] for POST '/session/9e7f88c67a9153a2cd055acbef284843/window/maximize'
2023-02-05 01:24:30 DEBUG HttpHandler:70 - 

Request DefaultHttpRequest(decodeResult: success, version: HTTP/1.1)
POST /session/9e7f88c67a9153a2cd055acbef284843/window/maximize HTTP/1.1
User-Agent: selenium/4.8.0 (java windows)
Content-Length: 3
Content-Type: application/json; charset=utf-8
host: localhost:34138
accept: */*

Response DefaultHttpResponse(decodeResult: success, version: HTTP/1.1)
HTTP/1.1 200 OK
Content-Length: 52
Content-Type: application/json; charset=utf-8
cache-control: no-cache

2023-02-05 01:24:30 DEBUG ChannelManager:270 - Adding key: http://localhost:34138 for channel [id: 0xe29995ed, L:/127.0.0.1:54371 - R:localhost/127.0.0.1:34138]
2023-02-05 01:24:30 DEBUG NettyRequestSender:593 - Using pooled Channel '[id: 0xe29995ed, L:/127.0.0.1:54371 - R:localhost/127.0.0.1:34138]' for 'POST' to 'http://localhost:34138/session/9e7f88c67a9153a2cd055acbef284843/element'
2023-02-05 01:24:30 DEBUG NettyRequestSender:251 - Using open Channel [id: 0xe29995ed, L:/127.0.0.1:54371 - R:localhost/127.0.0.1:34138] for POST '/session/9e7f88c67a9153a2cd055acbef284843/element'
2023-02-05 01:24:30 DEBUG HttpHandler:70 - 

Request DefaultHttpRequest(decodeResult: success, version: HTTP/1.1)
POST /session/9e7f88c67a9153a2cd055acbef284843/element HTTP/1.1
User-Agent: selenium/4.8.0 (java windows)
Content-Length: 55
Content-Type: application/json; charset=utf-8
host: localhost:34138
accept: */*

Response DefaultHttpResponse(decodeResult: success, version: HTTP/1.1)
HTTP/1.1 200 OK
Content-Length: 88
Content-Type: application/json; charset=utf-8
cache-control: no-cache

2023-02-05 01:24:30 DEBUG ChannelManager:270 - Adding key: http://localhost:34138 for channel [id: 0xe29995ed, L:/127.0.0.1:54371 - R:localhost/127.0.0.1:34138]
2023-02-05 01:24:30 DEBUG NettyRequestSender:593 - Using pooled Channel '[id: 0xe29995ed, L:/127.0.0.1:54371 - R:localhost/127.0.0.1:34138]' for 'POST' to 'http://localhost:34138/session/9e7f88c67a9153a2cd055acbef284843/element/044ee768-3e07-4e68-84ff-238c99f0f761/value'
2023-02-05 01:24:30 DEBUG NettyRequestSender:251 - Using open Channel [id: 0xe29995ed, L:/127.0.0.1:54371 - R:localhost/127.0.0.1:34138] for POST '/session/9e7f88c67a9153a2cd055acbef284843/element/044ee768-3e07-4e68-84ff-238c99f0f761/value'
2023-02-05 01:24:30 DEBUG HttpHandler:70 - 

Request DefaultHttpRequest(decodeResult: success, version: HTTP/1.1)
POST /session/9e7f88c67a9153a2cd055acbef284843/element/044ee768-3e07-4e68-84ff-238c99f0f761/value HTTP/1.1
User-Agent: selenium/4.8.0 (java windows)
Content-Length: 151
Content-Type: application/json; charset=utf-8
host: localhost:34138
accept: */*

Response DefaultHttpResponse(decodeResult: success, version: HTTP/1.1)
HTTP/1.1 400 Bad Request
Content-Length: 887
Content-Type: application/json; charset=utf-8
cache-control: no-cache

2023-02-05 01:24:30 DEBUG ChannelManager:270 - Adding key: http://localhost:34138 for channel [id: 0xe29995ed, L:/127.0.0.1:54371 - R:localhost/127.0.0.1:34138]
]]></system-out>
    <system-err><![CDATA[Starting ChromeDriver 109.0.5414.74 (e7c5703604daa9cc128ccf5a5d3e993513758913-refs/branch-heads/5414@{#1172}) on port 34138
Only local connections are allowed.
Please see https://chromedriver.chromium.org/security-considerations for suggestions on keeping ChromeDriver safe.
ChromeDriver was started successfully.
]]></system-err>
  </testcase>
</testsuite>